<?xml version="1.0" encoding="UTF-8"?>
<!-- Generated by org.testng.reporters.JUnitReportReporter -->
<testsuite hostname="HPEnvyx360" failures="0" tests="5" name="testcases.UserTests" time="4.678" errors="0" timestamp="2025-08-11T22:42:16 EDT" skipped="0">
  <testcase classname="testcases.UserTests" name="testcaseGetAllUsers" time="1.983"/>
  <testcase classname="testcases.UserTests" name="testcasePostUser" time="0.786"/>
  <testcase classname="testcases.UserTests" name="testcaseGetUserById" time="0.579"/>
  <testcase classname="testcases.UserTests" name="testcaseUpdateUserById" time="0.794"/>
  <testcase classname="testcases.UserTests" name="deleteUser" time="0.536"/>
</testsuite> <!-- testcases.UserTests -->
