<?xml version="1.0" encoding="UTF-8"?>
<!-- Generated by org.testng.reporters.JUnitReportReporter -->
<testsuite hostname="HPEnvyx360" failures="0" tests="5" name="testcases.UserTests" time="8.269" errors="0" timestamp="2025-08-11T23:11:29 EDT" skipped="0">
  <testcase classname="testcases.UserTests" name="testcaseGetAllUsers" time="2.752"/>
  <testcase classname="testcases.UserTests" name="testcasePostUser" time="1.059"/>
  <testcase classname="testcases.UserTests" name="testcaseGetUserById" time="1.043"/>
  <testcase classname="testcases.UserTests" name="testcaseUpdateUserById" time="3.067"/>
  <testcase classname="testcases.UserTests" name="deleteUser" time="0.348"/>
</testsuite> <!-- testcases.UserTests -->
