<?xml version="1.0" encoding="UTF-8"?>
<!-- Generated by org.testng.reporters.JUnitReportReporter -->
<testsuite hostname="HPEnvyx360" failures="0" tests="5" name="testcases.UserTests" time="4.820" errors="0" timestamp="2025-08-10T00:21:17 EDT" skipped="0">
  <testcase classname="testcases.UserTests" name="testcasePostUser" time="2.640"/>
  <testcase classname="testcases.UserTests" name="testcaseGetAllUsers" time="0.636"/>
  <testcase classname="testcases.UserTests" name="testcaseGetUserById" time="0.355"/>
  <testcase classname="testcases.UserTests" name="testcaseUpdateUserById" time="0.625"/>
  <testcase classname="testcases.UserTests" name="deleteUser" time="0.564"/>
</testsuite> <!-- testcases.UserTests -->
